<xml>
  <appId>wxb92c7d7ad41acc23</appId>
  <secret>e0375814a476c1dd162d39a28a9f67ec</secret>
  <token>123456</token>
  <!--<aesKey>公众号EncodingAESKey</aesKey>-->
  <!--<accessToken>可以不填写</accessToken>-->
  <!--<expiresTime>可以不填写</expiresTime>-->
  <openid>ozjSxuBeRe8yQ9QBPSvj7SxNJaEc	</openid>
  <!--<partnerId>微信商户平台ID</partnerId>-->
  <!--<partnerKey>商户平台设置的API密钥</partnerKey>-->
  <keyPath></keyPath>
  <templateId>b85QSL79Z2RhVEMl_Zu2l7xPd21JBrw6gTOX_se5cVA	</templateId>
  <oauth2redirectUri>http://weixintest.free.idcfengye.com/wx/portal/wxb92c7d7ad41acc23</oauth2redirectUri>
  <qrconnectRedirectUrl>weixintest.free.idcfengye.com</qrconnectRedirectUrl>
  <kfAccount>gh_2674ecf2683e@gh_2674ecf2683e</kfAccount>
</xml>
